{"/home/daniel/projetos/jsexpert/server/config.js": {"path":"/home/daniel/projetos/jsexpert/server/config.js","statementMap":{"0":{"start":{"line":4,"column":19},"end":{"line":4,"column":58}},"1":{"start":{"line":5,"column":13},"end":{"line":5,"column":36}},"2":{"start":{"line":7,"column":23},"end":{"line":7,"column":42}},"3":{"start":{"line":8,"column":24},"end":{"line":8,"column":44}}},"fnMap":{},"branchMap":{"0":{"loc":{"start":{"line":11,"column":10},"end":{"line":11,"column":34}},"type":"binary-expr","locations":[{"start":{"line":11,"column":10},"end":{"line":11,"column":26}},{"start":{"line":11,"column":30},"end":{"line":11,"column":34}}],"line":11}},"s":{"0":1,"1":1,"2":1,"3":1},"f":{},"b":{"0":[1,1]},"_coverageSchema":"1a1c01bbd47fc00a2c39e90264f33305004495a9","hash":"6b00c721cf66e52d55f6641edbec057915766ee5"}
,"/home/daniel/projetos/jsexpert/server/controller.js": {"path":"/home/daniel/projetos/jsexpert/server/controller.js","statementMap":{"0":{"start":{"line":5,"column":8},"end":{"line":5,"column":36}},"1":{"start":{"line":14,"column":8},"end":{"line":14,"column":51}}},"fnMap":{"0":{"name":"(anonymous_0)","decl":{"start":{"line":4,"column":4},"end":{"line":4,"column":5}},"loc":{"start":{"line":4,"column":18},"end":{"line":6,"column":5}},"line":4},"1":{"name":"(anonymous_1)","decl":{"start":{"line":13,"column":4},"end":{"line":13,"column":5}},"loc":{"start":{"line":13,"column":34},"end":{"line":15,"column":5}},"line":13}},"branchMap":{},"s":{"0":1,"1":0},"f":{"0":1,"1":0},"b":{},"_coverageSchema":"1a1c01bbd47fc00a2c39e90264f33305004495a9","hash":"2edb896c9909e8d0e5250d23a841312a81d39292"}
,"/home/daniel/projetos/jsexpert/server/routes.js": {"path":"/home/daniel/projetos/jsexpert/server/routes.js","statementMap":{"0":{"start":{"line":14,"column":4},"end":{"line":14,"column":10}},"1":{"start":{"line":15,"column":19},"end":{"line":15,"column":35}},"2":{"start":{"line":18,"column":28},"end":{"line":18,"column":35}},"3":{"start":{"line":20,"column":4},"end":{"line":26,"column":5}},"4":{"start":{"line":21,"column":8},"end":{"line":23,"column":10}},"5":{"start":{"line":25,"column":8},"end":{"line":25,"column":29}},"6":{"start":{"line":28,"column":4},"end":{"line":41,"column":5}},"7":{"start":{"line":32,"column":12},"end":{"line":32,"column":52}},"8":{"start":{"line":34,"column":28},"end":{"line":34,"column":46}},"9":{"start":{"line":36,"column":8},"end":{"line":38,"column":9}},"10":{"start":{"line":37,"column":12},"end":{"line":37,"column":57}},"11":{"start":{"line":40,"column":8},"end":{"line":40,"column":36}},"12":{"start":{"line":43,"column":4},"end":{"line":56,"column":5}},"13":{"start":{"line":47,"column":12},"end":{"line":47,"column":58}},"14":{"start":{"line":49,"column":28},"end":{"line":49,"column":46}},"15":{"start":{"line":51,"column":8},"end":{"line":53,"column":9}},"16":{"start":{"line":52,"column":12},"end":{"line":52,"column":57}},"17":{"start":{"line":55,"column":8},"end":{"line":55,"column":36}},"18":{"start":{"line":58,"column":4},"end":{"line":71,"column":5}},"19":{"start":{"line":62,"column":12},"end":{"line":62,"column":47}},"20":{"start":{"line":64,"column":28},"end":{"line":64,"column":46}},"21":{"start":{"line":66,"column":8},"end":{"line":68,"column":9}},"22":{"start":{"line":67,"column":12},"end":{"line":67,"column":57}},"23":{"start":{"line":70,"column":8},"end":{"line":70,"column":37}},"24":{"start":{"line":73,"column":4},"end":{"line":73,"column":27}},"25":{"start":{"line":74,"column":4},"end":{"line":74,"column":25}},"26":{"start":{"line":78,"column":4},"end":{"line":82,"column":5}},"27":{"start":{"line":79,"column":8},"end":{"line":79,"column":53}},"28":{"start":{"line":80,"column":8},"end":{"line":80,"column":31}},"29":{"start":{"line":81,"column":8},"end":{"line":81,"column":29}},"30":{"start":{"line":84,"column":4},"end":{"line":84,"column":54}},"31":{"start":{"line":85,"column":4},"end":{"line":85,"column":27}},"32":{"start":{"line":86,"column":4},"end":{"line":86,"column":25}},"33":{"start":{"line":90,"column":4},"end":{"line":92,"column":6}},"34":{"start":{"line":96,"column":4},"end":{"line":96,"column":81}},"35":{"start":{"line":96,"column":52},"end":{"line":96,"column":80}}},"fnMap":{"0":{"name":"routes","decl":{"start":{"line":17,"column":15},"end":{"line":17,"column":21}},"loc":{"start":{"line":17,"column":41},"end":{"line":75,"column":1}},"line":17},"1":{"name":"handleError","decl":{"start":{"line":77,"column":9},"end":{"line":77,"column":20}},"loc":{"start":{"line":77,"column":38},"end":{"line":87,"column":1}},"line":77},"2":{"name":"setHeaderResponse","decl":{"start":{"line":89,"column":9},"end":{"line":89,"column":26}},"loc":{"start":{"line":89,"column":58},"end":{"line":93,"column":1}},"line":89},"3":{"name":"handler","decl":{"start":{"line":95,"column":16},"end":{"line":95,"column":23}},"loc":{"start":{"line":95,"column":43},"end":{"line":97,"column":1}},"line":95},"4":{"name":"(anonymous_4)","decl":{"start":{"line":96,"column":43},"end":{"line":96,"column":44}},"loc":{"start":{"line":96,"column":52},"end":{"line":96,"column":80}},"line":96}},"branchMap":{"0":{"loc":{"start":{"line":20,"column":4},"end":{"line":26,"column":5}},"type":"if","locations":[{"start":{"line":20,"column":4},"end":{"line":26,"column":5}},{"start":{},"end":{}}],"line":20},"1":{"loc":{"start":{"line":20,"column":8},"end":{"line":20,"column":39}},"type":"binary-expr","locations":[{"start":{"line":20,"column":8},"end":{"line":20,"column":24}},{"start":{"line":20,"column":28},"end":{"line":20,"column":39}}],"line":20},"2":{"loc":{"start":{"line":28,"column":4},"end":{"line":41,"column":5}},"type":"if","locations":[{"start":{"line":28,"column":4},"end":{"line":41,"column":5}},{"start":{},"end":{}}],"line":28},"3":{"loc":{"start":{"line":28,"column":8},"end":{"line":28,"column":43}},"type":"binary-expr","locations":[{"start":{"line":28,"column":8},"end":{"line":28,"column":24}},{"start":{"line":28,"column":28},"end":{"line":28,"column":43}}],"line":28},"4":{"loc":{"start":{"line":36,"column":8},"end":{"line":38,"column":9}},"type":"if","locations":[{"start":{"line":36,"column":8},"end":{"line":38,"column":9}},{"start":{},"end":{}}],"line":36},"5":{"loc":{"start":{"line":43,"column":4},"end":{"line":56,"column":5}},"type":"if","locations":[{"start":{"line":43,"column":4},"end":{"line":56,"column":5}},{"start":{},"end":{}}],"line":43},"6":{"loc":{"start":{"line":43,"column":8},"end":{"line":43,"column":49}},"type":"binary-expr","locations":[{"start":{"line":43,"column":8},"end":{"line":43,"column":24}},{"start":{"line":43,"column":28},"end":{"line":43,"column":49}}],"line":43},"7":{"loc":{"start":{"line":51,"column":8},"end":{"line":53,"column":9}},"type":"if","locations":[{"start":{"line":51,"column":8},"end":{"line":53,"column":9}},{"start":{},"end":{}}],"line":51},"8":{"loc":{"start":{"line":58,"column":4},"end":{"line":71,"column":5}},"type":"if","locations":[{"start":{"line":58,"column":4},"end":{"line":71,"column":5}},{"start":{},"end":{}}],"line":58},"9":{"loc":{"start":{"line":66,"column":8},"end":{"line":68,"column":9}},"type":"if","locations":[{"start":{"line":66,"column":8},"end":{"line":68,"column":9}},{"start":{},"end":{}}],"line":66},"10":{"loc":{"start":{"line":78,"column":4},"end":{"line":82,"column":5}},"type":"if","locations":[{"start":{"line":78,"column":4},"end":{"line":82,"column":5}},{"start":{},"end":{}}],"line":78}},"s":{"0":1,"1":1,"2":10,"3":10,"4":1,"5":1,"6":9,"7":2,"8":2,"9":2,"10":1,"11":2,"12":7,"13":2,"14":2,"15":2,"16":1,"17":2,"18":5,"19":4,"20":2,"21":2,"22":1,"23":2,"24":1,"25":1,"26":2,"27":1,"28":1,"29":1,"30":1,"31":1,"32":1,"33":3,"34":10,"35":2},"f":{"0":10,"1":2,"2":3,"3":10,"4":2},"b":{"0":[1,9],"1":[10,9],"2":[2,7],"3":[9,8],"4":[1,1],"5":[2,5],"6":[7,6],"7":[1,1],"8":[4,1],"9":[1,1],"10":[1,1]},"_coverageSchema":"1a1c01bbd47fc00a2c39e90264f33305004495a9","hash":"02830fea07958ddb7a18480b864d89b3b705e270"}
,"/home/daniel/projetos/jsexpert/server/service.js": {"path":"/home/daniel/projetos/jsexpert/server/service.js","statementMap":{"0":{"start":{"line":11,"column":4},"end":{"line":11,"column":10}},"1":{"start":{"line":21,"column":8},"end":{"line":21,"column":44}},"2":{"start":{"line":30,"column":29},"end":{"line":30,"column":60}},"3":{"start":{"line":32,"column":8},"end":{"line":32,"column":45}},"4":{"start":{"line":33,"column":25},"end":{"line":33,"column":46}},"5":{"start":{"line":35,"column":8},"end":{"line":38,"column":9}},"6":{"start":{"line":50,"column":12},"end":{"line":50,"column":44}},"7":{"start":{"line":52,"column":8},"end":{"line":55,"column":9}}},"fnMap":{"0":{"name":"(anonymous_0)","decl":{"start":{"line":20,"column":4},"end":{"line":20,"column":5}},"loc":{"start":{"line":20,"column":31},"end":{"line":22,"column":5}},"line":20},"1":{"name":"(anonymous_1)","decl":{"start":{"line":29,"column":4},"end":{"line":29,"column":5}},"loc":{"start":{"line":29,"column":32},"end":{"line":39,"column":5}},"line":29},"2":{"name":"(anonymous_2)","decl":{"start":{"line":46,"column":4},"end":{"line":46,"column":5}},"loc":{"start":{"line":46,"column":34},"end":{"line":56,"column":5}},"line":46}},"branchMap":{},"s":{"0":1,"1":0,"2":0,"3":0,"4":0,"5":0,"6":0,"7":0},"f":{"0":0,"1":0,"2":0},"b":{},"_coverageSchema":"1a1c01bbd47fc00a2c39e90264f33305004495a9","hash":"7cf67b0b1d70c1f1213fd5ef0daed44ec66cd30c"}
,"/home/daniel/projetos/jsexpert/server/util.js": {"path":"/home/daniel/projetos/jsexpert/server/util.js","statementMap":{"0":{"start":{"line":3,"column":12},"end":{"line":11,"column":2}},"1":{"start":{"line":13,"column":22},"end":{"line":13,"column":25}}},"fnMap":{},"branchMap":{},"s":{"0":1,"1":1},"f":{},"b":{},"_coverageSchema":"1a1c01bbd47fc00a2c39e90264f33305004495a9","hash":"1e52bc779f05f34e60ce619874216e54a1a4453b"}
,"/home/daniel/projetos/jsexpert/tests/unit/_util/testUtil.js": {"path":"/home/daniel/projetos/jsexpert/tests/unit/_util/testUtil.js","statementMap":{"0":{"start":{"line":7,"column":8},"end":{"line":15,"column":10}},"1":{"start":{"line":9,"column":16},"end":{"line":11,"column":17}},"2":{"start":{"line":10,"column":20},"end":{"line":10,"column":35}},"3":{"start":{"line":13,"column":16},"end":{"line":13,"column":31}},"4":{"start":{"line":19,"column":8},"end":{"line":24,"column":10}},"5":{"start":{"line":21,"column":16},"end":{"line":21,"column":30}},"6":{"start":{"line":22,"column":16},"end":{"line":22,"column":32}},"7":{"start":{"line":28,"column":30},"end":{"line":28,"column":67}},"8":{"start":{"line":29,"column":31},"end":{"line":30,"column":10}},"9":{"start":{"line":32,"column":21},"end":{"line":42,"column":9}},"10":{"start":{"line":44,"column":8},"end":{"line":47,"column":9}},"11":{"start":{"line":45,"column":26},"end":{"line":45,"column":45}}},"fnMap":{"0":{"name":"(anonymous_0)","decl":{"start":{"line":6,"column":4},"end":{"line":6,"column":5}},"loc":{"start":{"line":6,"column":40},"end":{"line":16,"column":5}},"line":6},"1":{"name":"(anonymous_1)","decl":{"start":{"line":8,"column":12},"end":{"line":8,"column":13}},"loc":{"start":{"line":8,"column":19},"end":{"line":14,"column":13}},"line":8},"2":{"name":"(anonymous_2)","decl":{"start":{"line":18,"column":4},"end":{"line":18,"column":5}},"loc":{"start":{"line":18,"column":42},"end":{"line":25,"column":5}},"line":18},"3":{"name":"(anonymous_3)","decl":{"start":{"line":20,"column":12},"end":{"line":20,"column":13}},"loc":{"start":{"line":20,"column":35},"end":{"line":23,"column":13}},"line":20},"4":{"name":"(anonymous_4)","decl":{"start":{"line":27,"column":4},"end":{"line":27,"column":5}},"loc":{"start":{"line":27,"column":33},"end":{"line":48,"column":5}},"line":27},"5":{"name":"(anonymous_5)","decl":{"start":{"line":29,"column":63},"end":{"line":29,"column":64}},"loc":{"start":{"line":29,"column":69},"end":{"line":30,"column":9}},"line":29},"6":{"name":"(anonymous_6)","decl":{"start":{"line":45,"column":20},"end":{"line":45,"column":21}},"loc":{"start":{"line":45,"column":26},"end":{"line":45,"column":45}},"line":45}},"branchMap":{},"s":{"0":16,"1":0,"2":0,"3":0,"4":10,"5":0,"6":0,"7":10,"8":10,"9":10,"10":10,"11":10},"f":{"0":16,"1":0,"2":10,"3":0,"4":10,"5":0,"6":10},"b":{},"_coverageSchema":"1a1c01bbd47fc00a2c39e90264f33305004495a9","hash":"f0660f611f204c4be99828f2adf2781013d0a589"}
}
