TN:
SF:server/config.js
FNF:0
FNH:0
DA:4,1
DA:5,1
DA:7,1
DA:8,1
LF:4
LH:4
BRDA:11,0,0,1
BRDA:11,0,1,1
BRF:2
BRH:2
end_of_record
TN:
SF:server/controller.js
FN:4,(anonymous_0)
FN:13,(anonymous_1)
FNF:2
FNH:1
FNDA:1,(anonymous_0)
FNDA:0,(anonymous_1)
DA:5,1
DA:14,0
LF:2
LH:1
BRF:0
BRH:0
end_of_record
TN:
SF:server/routes.js
FN:17,routes
FN:77,handleError
FN:89,setHeaderResponse
FN:95,handler
FN:96,(anonymous_4)
FNF:5
FNH:5
FNDA:10,routes
FNDA:2,handleError
FNDA:3,setHeaderResponse
FNDA:10,handler
FNDA:2,(anonymous_4)
DA:14,1
DA:15,1
DA:18,10
DA:20,10
DA:21,1
DA:25,1
DA:28,9
DA:32,2
DA:34,2
DA:36,2
DA:37,1
DA:40,2
DA:43,7
DA:47,2
DA:49,2
DA:51,2
DA:52,1
DA:55,2
DA:58,5
DA:62,4
DA:64,2
DA:66,2
DA:67,1
DA:70,2
DA:73,1
DA:74,1
DA:78,2
DA:79,1
DA:80,1
DA:81,1
DA:84,1
DA:85,1
DA:86,1
DA:90,3
DA:96,10
LF:35
LH:35
BRDA:20,0,0,1
BRDA:20,0,1,9
BRDA:20,1,0,10
BRDA:20,1,1,9
BRDA:28,2,0,2
BRDA:28,2,1,7
BRDA:28,3,0,9
BRDA:28,3,1,8
BRDA:36,4,0,1
BRDA:36,4,1,1
BRDA:43,5,0,2
BRDA:43,5,1,5
BRDA:43,6,0,7
BRDA:43,6,1,6
BRDA:51,7,0,1
BRDA:51,7,1,1
BRDA:58,8,0,4
BRDA:58,8,1,1
BRDA:66,9,0,1
BRDA:66,9,1,1
BRDA:78,10,0,1
BRDA:78,10,1,1
BRF:22
BRH:22
end_of_record
TN:
SF:server/service.js
FN:20,(anonymous_0)
FN:29,(anonymous_1)
FN:46,(anonymous_2)
FNF:3
FNH:0
FNDA:0,(anonymous_0)
FNDA:0,(anonymous_1)
FNDA:0,(anonymous_2)
DA:11,1
DA:21,0
DA:30,0
DA:32,0
DA:33,0
DA:35,0
DA:50,0
DA:52,0
LF:8
LH:1
BRF:0
BRH:0
end_of_record
TN:
SF:server/util.js
FNF:0
FNH:0
DA:3,1
DA:13,1
LF:2
LH:2
BRF:0
BRH:0
end_of_record
TN:
SF:tests/unit/_util/testUtil.js
FN:6,(anonymous_0)
FN:8,(anonymous_1)
FN:18,(anonymous_2)
FN:20,(anonymous_3)
FN:27,(anonymous_4)
FN:29,(anonymous_5)
FN:45,(anonymous_6)
FNF:7
FNH:4
FNDA:16,(anonymous_0)
FNDA:0,(anonymous_1)
FNDA:10,(anonymous_2)
FNDA:0,(anonymous_3)
FNDA:10,(anonymous_4)
FNDA:0,(anonymous_5)
FNDA:10,(anonymous_6)
DA:7,16
DA:9,0
DA:10,0
DA:13,0
DA:19,10
DA:21,0
DA:22,0
DA:28,10
DA:29,10
DA:32,10
DA:44,10
DA:45,10
LF:12
LH:7
BRF:0
BRH:0
end_of_record
